<?xml version="1.0" encoding="UTF-8"?>
<!-- Generated by org.testng.reporters.JUnitReportReporter -->
<testsuite hostname="DESKTOP-0SRMFK8" failures="0" tests="1" name="PlaintTest.TestCase3" time="23.553" errors="0" timestamp="2022-01-07T22:10:32 ACDT" skipped="0">
  <testcase classname="PlaintTest.TestCase3" name="planitAssessment3" time="23.553"/>
  <system-out/>
</testsuite> <!-- PlaintTest.TestCase3 -->
