<?xml version="1.0" encoding="UTF-8"?>
<!-- Generated by org.testng.reporters.JUnitReportReporter -->
<testsuite hostname="DESKTOP-0SRMFK8" failures="0" tests="1" name="PlaintTest.TestCase3" time="36.975" errors="0" timestamp="2022-01-07T00:47:48 ACDT" skipped="0">
  <testcase classname="PlaintTest.TestCase3" name="planitAssessment3" time="36.975"/>
  <system-out/>
</testsuite> <!-- PlaintTest.TestCase3 -->
