<?xml version="1.0" encoding="UTF-8"?>
<!-- Generated by org.testng.reporters.JUnitReportReporter -->
<testsuite hostname="DESKTOP-0SRMFK8" failures="0" tests="1" name="PlaintTest.TestCase1" time="37.679" errors="0" timestamp="2022-01-07T00:47:48 ACDT" skipped="0">
  <testcase classname="PlaintTest.TestCase1" name="planitAssessment1" time="37.679"/>
  <system-out/>
</testsuite> <!-- PlaintTest.TestCase1 -->
